<?xml version="1.0" encoding="UTF-8"?>
<testng-results ignored="0" total="1" passed="1" failed="0" skipped="0">
  <reporter-output>
  </reporter-output>
  <suite started-at="2024-04-16T18:48:09 IST" name="TestNG Sample" finished-at="2024-04-16T18:48:09 IST" duration-ms="95">
    <groups>
    </groups>
    <test started-at="2024-04-16T18:48:09 IST" name="Sample" finished-at="2024-04-16T18:48:09 IST" duration-ms="95">
      <class name="ExecutionOrder.AnnotationTest">
        <test-method is-config="true" signature="BeforeClass()[pri:0, instance:ExecutionOrder.AnnotationTest@4d154ccd]" started-at="2024-04-16T18:48:09 IST" name="BeforeClass" finished-at="2024-04-16T18:48:09 IST" duration-ms="1" status="PASS">
          <reporter-output>
          </reporter-output>
        </test-method> <!-- BeforeClass -->
        <test-method is-config="true" signature="beforeMethod()[pri:0, instance:ExecutionOrder.AnnotationTest@4d154ccd]" started-at="2024-04-16T18:48:09 IST" name="beforeMethod" finished-at="2024-04-16T18:48:09 IST" duration-ms="1" status="PASS">
          <reporter-output>
          </reporter-output>
        </test-method> <!-- beforeMethod -->
        <test-method signature="first()[pri:0, instance:ExecutionOrder.AnnotationTest@4d154ccd]" started-at="2024-04-16T18:48:09 IST" name="first" finished-at="2024-04-16T18:48:09 IST" duration-ms="13" status="PASS">
          <reporter-output>
          </reporter-output>
        </test-method> <!-- first -->
        <test-method is-config="true" signature="AfterMethod()[pri:0, instance:ExecutionOrder.AnnotationTest@4d154ccd]" started-at="2024-04-16T18:48:09 IST" name="AfterMethod" finished-at="2024-04-16T18:48:09 IST" duration-ms="2" status="PASS">
          <reporter-output>
          </reporter-output>
        </test-method> <!-- AfterMethod -->
        <test-method is-config="true" signature="AfterClass()[pri:0, instance:ExecutionOrder.AnnotationTest@4d154ccd]" started-at="2024-04-16T18:48:09 IST" name="AfterClass" finished-at="2024-04-16T18:48:09 IST" duration-ms="0" status="PASS">
          <reporter-output>
          </reporter-output>
        </test-method> <!-- AfterClass -->
        <test-method is-config="true" signature="AfterTest()[pri:0, instance:ExecutionOrder.AnnotationTest@4d154ccd]" started-at="2024-04-16T18:48:09 IST" name="AfterTest" finished-at="2024-04-16T18:48:09 IST" duration-ms="1" status="PASS">
          <reporter-output>
          </reporter-output>
        </test-method> <!-- AfterTest -->
        <test-method is-config="true" signature="AfterSuite()[pri:0, instance:ExecutionOrder.AnnotationTest@4d154ccd]" started-at="2024-04-16T18:48:09 IST" name="AfterSuite" finished-at="2024-04-16T18:48:09 IST" duration-ms="1" status="PASS">
          <reporter-output>
          </reporter-output>
        </test-method> <!-- AfterSuite -->
      </class> <!-- ExecutionOrder.AnnotationTest -->
      <class name="ExecutionOrder.SampleTestingUsage">
        <test-method is-config="true" signature="BeforeSuite()[pri:0, instance:ExecutionOrder.SampleTestingUsage@121314f7]" started-at="2024-04-16T18:48:09 IST" name="BeforeSuite" finished-at="2024-04-16T18:48:09 IST" duration-ms="18" status="PASS">
          <reporter-output>
          </reporter-output>
        </test-method> <!-- BeforeSuite -->
        <test-method is-config="true" signature="BeforeTest()[pri:0, instance:ExecutionOrder.SampleTestingUsage@121314f7]" started-at="2024-04-16T18:48:09 IST" name="BeforeTest" finished-at="2024-04-16T18:48:09 IST" duration-ms="2" status="PASS">
          <reporter-output>
          </reporter-output>
        </test-method> <!-- BeforeTest -->
      </class> <!-- ExecutionOrder.SampleTestingUsage -->
    </test> <!-- Sample -->
  </suite> <!-- TestNG Sample -->
</testng-results>
